# JRE version: Java(TM) SE Runtime Environment (8.0_161-b12) (build 1.8.0_161-b12)
# Java VM: Java HotSpot(TM) 64-Bit Server VM (25.161-b12 mixed mode bsd-amd64 compressed oops)
Heap:
 PSYoungGen      total 758784K, used 25420K [0x000000076ab00000, 0x00000007a7e00000, 0x00000007c0000000)
  eden space 734208K, 0% used [0x000000076ab00000,0x000000076ac0b748,0x0000000797800000)
  from space 24576K, 99% used [0x00000007a6600000,0x00000007a7dc7bd0,0x00000007a7e00000)
  to   space 45056K, 0% used [0x00000007a2600000,0x00000007a2600000,0x00000007a5200000)
 ParOldGen       total 135168K, used 80522K [0x00000006c0000000, 0x00000006c8400000, 0x000000076ab00000)
  object space 135168K, 59% used [0x00000006c0000000,0x00000006c4ea2820,0x00000006c8400000)
 Metaspace       used 41133K, capacity 43732K, committed 43904K, reserved 1087488K
  class space    used 5730K, capacity 5977K, committed 6016K, reserved 1048576K
GC Heap History (10 events):
Event: 2205.844 GC heap before
{Heap before GC invocations=26 (full 2):
 PSYoungGen      total 508928K, used 462819K [0x000000076ab00000, 0x0000000796980000, 0x00000007c0000000)
  eden space 463872K, 99% used [0x000000076ab00000,0x0000000786e98e78,0x0000000787000000)
  from space 45056K, 0% used [0x0000000787000000,0x0000000787060000,0x0000000789c00000)
  to   space 45568K, 0% used [0x0000000793d00000,0x0000000793d00000,0x0000000796980000)
 ParOldGen       total 135168K, used 64968K [0x00000006c0000000, 0x00000006c8400000, 0x000000076ab00000)
  object space 135168K, 48% used [0x00000006c0000000,0x00000006c3f721e0,0x00000006c8400000)
 Metaspace       used 40842K, capacity 43374K, committed 43648K, reserved 1087488K
  class space    used 5720K, capacity 5944K, committed 6016K, reserved 1048576K
Event: 2205.872 GC heap after
Heap after GC invocations=26 (full 2):
 PSYoungGen      total 663552K, used 25472K [0x000000076ab00000, 0x0000000796500000, 0x00000007c0000000)
  eden space 622592K, 0% used [0x000000076ab00000,0x000000076ab00000,0x0000000790b00000)
  from space 40960K, 62% used [0x0000000793d00000,0x00000007955e0250,0x0000000796500000)
  to   space 46080K, 0% used [0x0000000790b00000,0x0000000790b00000,0x0000000793800000)
 ParOldGen       total 135168K, used 65166K [0x00000006c0000000, 0x00000006c8400000, 0x000000076ab00000)
  object space 135168K, 48% used [0x00000006c0000000,0x00000006c3fa39f0,0x00000006c8400000)
 Metaspace       used 40842K, capacity 43374K, committed 43648K, reserved 1087488K
  class space    used 5720K, capacity 5944K, committed 6016K, reserved 1048576K
}
Event: 2217.236 GC heap before
{Heap before GC invocations=27 (full 2):
 PSYoungGen      total 663552K, used 626059K [0x000000076ab00000, 0x0000000796500000, 0x00000007c0000000)
  eden space 622592K, 96% used [0x000000076ab00000,0x000000078f582b78,0x0000000790b00000)
  from space 40960K, 62% used [0x0000000793d00000,0x00000007955e0250,0x0000000796500000)
  to   space 46080K, 0% used [0x0000000790b00000,0x0000000790b00000,0x0000000793800000)
 ParOldGen       total 135168K, used 65166K [0x00000006c0000000, 0x00000006c8400000, 0x000000076ab00000)
  object space 135168K, 48% used [0x00000006c0000000,0x00000006c3fa39f0,0x00000006c8400000)
 Metaspace       used 40849K, capacity 43438K, committed 43648K, reserved 1087488K
  class space    used 5720K, capacity 5944K, committed 6016K, reserved 1048576K
Event: 2217.275 GC heap after
Heap after GC invocations=27 (full 2):
 PSYoungGen      total 668672K, used 10285K [0x000000076ab00000, 0x000000079f780000, 0x00000007c0000000)
  eden space 622592K, 0% used [0x000000076ab00000,0x000000076ab00000,0x0000000790b00000)
  from space 46080K, 22% used [0x0000000790b00000,0x000000079150b420,0x0000000793800000)
  to   space 44544K, 0% used [0x000000079cc00000,0x000000079cc00000,0x000000079f780000)
 ParOldGen       total 135168K, used 80386K [0x00000006c0000000, 0x00000006c8400000, 0x000000076ab00000)
  object space 135168K, 59% used [0x00000006c0000000,0x00000006c4e80820,0x00000006c8400000)
 Metaspace       used 40849K, capacity 43438K, committed 43648K, reserved 1087488K
  class space    used 5720K, capacity 5944K, committed 6016K, reserved 1048576K
}
Event: 2223.444 GC heap before
{Heap before GC invocations=28 (full 2):
 PSYoungGen      total 668672K, used 629270K [0x000000076ab00000, 0x000000079f780000, 0x00000007c0000000)
  eden space 622592K, 99% used [0x000000076ab00000,0x000000079077a700,0x0000000790b00000)
  from space 46080K, 22% used [0x0000000790b00000,0x000000079150b420,0x0000000793800000)
  to   space 44544K, 0% used [0x000000079cc00000,0x000000079cc00000,0x000000079f780000)
 ParOldGen       total 135168K, used 80386K [0x00000006c0000000, 0x00000006c8400000, 0x000000076ab00000)
  object space 135168K, 59% used [0x00000006c0000000,0x00000006c4e80820,0x00000006c8400000)
 Metaspace       used 40856K, capacity 43438K, committed 43648K, reserved 1087488K
  class space    used 5720K, capacity 5944K, committed 6016K, reserved 1048576K
Event: 2223.448 GC heap after
Heap after GC invocations=28 (full 2):
 PSYoungGen      total 803840K, used 160K [0x000000076ab00000, 0x000000079ef80000, 0x00000007c0000000)
  eden space 767488K, 0% used [0x000000076ab00000,0x000000076ab00000,0x0000000799880000)
  from space 36352K, 0% used [0x000000079cc00000,0x000000079cc28000,0x000000079ef80000)
  to   space 44544K, 0% used [0x0000000799880000,0x0000000799880000,0x000000079c400000)
 ParOldGen       total 135168K, used 80402K [0x00000006c0000000, 0x00000006c8400000, 0x000000076ab00000)
  object space 135168K, 59% used [0x00000006c0000000,0x00000006c4e84820,0x00000006c8400000)
 Metaspace       used 40856K, capacity 43438K, committed 43648K, reserved 1087488K
  class space    used 5720K, capacity 5944K, committed 6016K, reserved 1048576K
}
Event: 2326.374 GC heap before
{Heap before GC invocations=29 (full 2):
 PSYoungGen      total 803840K, used 766825K [0x000000076ab00000, 0x000000079ef80000, 0x00000007c0000000)
  eden space 767488K, 99% used [0x000000076ab00000,0x00000007997b2478,0x0000000799880000)
  from space 36352K, 0% used [0x000000079cc00000,0x000000079cc28000,0x000000079ef80000)
  to   space 44544K, 0% used [0x0000000799880000,0x0000000799880000,0x000000079c400000)
 ParOldGen       total 135168K, used 80402K [0x00000006c0000000, 0x00000006c8400000, 0x000000076ab00000)
  object space 135168K, 59% used [0x00000006c0000000,0x00000006c4e84820,0x00000006c8400000)
 Metaspace       used 41006K, capacity 43598K, committed 43648K, reserved 1087488K
  class space    used 5728K, capacity 5976K, committed 6016K, reserved 1048576K
Event: 2326.380 GC heap after
Heap after GC invocations=29 (full 2):
 PSYoungGen      total 812032K, used 783K [0x000000076ab00000, 0x00000007a9100000, 0x00000007c0000000)
  eden space 767488K, 0% used [0x000000076ab00000,0x000000076ab00000,0x0000000799880000)
  from space 44544K, 1% used [0x0000000799880000,0x0000000799943c78,0x000000079c400000)
  to   space 44032K, 0% used [0x00000007a6600000,0x00000007a6600000,0x00000007a9100000)
 ParOldGen       total 135168K, used 80418K [0x00000006c0000000, 0x00000006c8400000, 0x000000076ab00000)
  object space 135168K, 59% used [0x00000006c0000000,0x00000006c4e88820,0x00000006c8400000)
 Metaspace       used 41006K, capacity 43598K, committed 43648K, reserved 1087488K
  class space    used 5728K, capacity 5976K, committed 6016K, reserved 1048576K
}
Event: 4228.665 GC heap before
{Heap before GC invocations=30 (full 2):
 PSYoungGen      total 812032K, used 768271K [0x000000076ab00000, 0x00000007a9100000, 0x00000007c0000000)
  eden space 767488K, 100% used [0x000000076ab00000,0x0000000799880000,0x0000000799880000)
  from space 44544K, 1% used [0x0000000799880000,0x0000000799943c78,0x000000079c400000)
  to   space 44032K, 0% used [0x00000007a6600000,0x00000007a6600000,0x00000007a9100000)
 ParOldGen       total 135168K, used 80418K [0x00000006c0000000, 0x00000006c8400000, 0x000000076ab00000)
  object space 135168K, 59% used [0x00000006c0000000,0x00000006c4e88820,0x00000006c8400000)
 Metaspace       used 41133K, capacity 43732K, committed 43904K, reserved 1087488K
  class space    used 5730K, capacity 5977K, committed 6016K, reserved 1048576K
Event: 4228.686 GC heap after
Heap after GC invocations=30 (full 2):
 PSYoungGen      total 758784K, used 24350K [0x000000076ab00000, 0x00000007a7e00000, 0x00000007c0000000)
  eden space 734208K, 0% used [0x000000076ab00000,0x000000076ab00000,0x0000000797800000)
  from space 24576K, 99% used [0x00000007a6600000,0x00000007a7dc7bd0,0x00000007a7e00000)
  to   space 45056K, 0% used [0x00000007a2600000,0x00000007a2600000,0x00000007a5200000)
 ParOldGen       total 135168K, used 80522K [0x00000006c0000000, 0x00000006c8400000, 0x000000076ab00000)
  object space 135168K, 59% used [0x00000006c0000000,0x00000006c4ea2820,0x00000006c8400000)
 Metaspace       used 41133K, capacity 43732K, committed 43904K, reserved 1087488K
  class space    used 5730K, capacity 5977K, committed 6016K, reserved 1048576K
}

